[debug] [2021-06-30T13:11:54.942Z] ----------------------------------------------------------------------
[debug] [2021-06-30T13:11:54.946Z] Command:       C:\Program Files\nodejs\node.exe C:\Users\DEVESH TRIPATHI\AppData\Roaming\npm\node_modules\firebase-tools\lib\bin\firebase.js deploy
[debug] [2021-06-30T13:11:54.947Z] CLI Version:   9.14.0
[debug] [2021-06-30T13:11:54.947Z] Platform:      win32
[debug] [2021-06-30T13:11:54.947Z] Node Version:  v14.16.1
[debug] [2021-06-30T13:11:54.952Z] Time:          Wed Jun 30 2021 18:41:54 GMT+0530 (India Standard Time)
[debug] [2021-06-30T13:11:54.953Z] ----------------------------------------------------------------------
[debug] 
[debug] [2021-06-30T13:11:54.978Z] > command requires scopes: ["email","openid","https://www.googleapis.com/auth/cloudplatformprojects.readonly","https://www.googleapis.com/auth/firebase","https://www.googleapis.com/auth/cloud-platform"]
[debug] [2021-06-30T13:11:54.979Z] > authorizing via signed-in user (devehtripathi2020@gmail.com)
[debug] [2021-06-30T13:11:54.979Z] [iam] checking project linkdin-clone-4a338 for permissions ["firebase.projects.get","firebasehosting.sites.update"]
[debug] [2021-06-30T13:11:54.984Z] > refreshing access token with scopes: ["email","https://www.googleapis.com/auth/cloud-platform","https://www.googleapis.com/auth/cloudplatformprojects.readonly","https://www.googleapis.com/auth/firebase","openid"]
[debug] [2021-06-30T13:11:54.985Z] >>> HTTP REQUEST POST https://www.googleapis.com/oauth2/v3/token  
 <request body omitted>
[debug] [2021-06-30T13:11:55.057Z] [iam] error while checking permissions, command may fail: FirebaseError: Authentication Error: Your credentials are no longer valid. Please run firebase login --reauth

For CI servers and headless environments, generate a new token with firebase login:ci
[debug] [2021-06-30T13:11:55.062Z] >>> [apiv2][query] GET https://firebase.googleapis.com/v1beta1/projects/linkdin-clone-4a338 [none]
[debug] [2021-06-30T13:11:55.073Z] Failed to make request to https://firebase.googleapis.com/v1beta1/projects/linkdin-clone-4a338
[debug] [2021-06-30T13:11:55.087Z] FirebaseError: Failed to make request to https://firebase.googleapis.com/v1beta1/projects/linkdin-clone-4a338
    at Client.doRequest (C:\Users\DEVESH TRIPATHI\AppData\Roaming\npm\node_modules\firebase-tools\lib\apiv2.js:211:19)
    at processTicksAndRejections (internal/process/task_queues.js:93:5)
    at async Client.request (C:\Users\DEVESH TRIPATHI\AppData\Roaming\npm\node_modules\firebase-tools\lib\apiv2.js:96:20)
    at async Object.getFirebaseProject (C:\Users\DEVESH TRIPATHI\AppData\Roaming\npm\node_modules\firebase-tools\lib\management\projects.js:290:21)
    at async Object.getDefaultHostingSite (C:\Users\DEVESH TRIPATHI\AppData\Roaming\npm\node_modules\firebase-tools\lib\getDefaultHostingSite.js:8:21)
    at async requireHostingSite (C:\Users\DEVESH TRIPATHI\AppData\Roaming\npm\node_modules\firebase-tools\lib\requireHostingSite.js:9:18)
    at async Object.fn (C:\Users\DEVESH TRIPATHI\AppData\Roaming\npm\node_modules\firebase-tools\lib\commands\deploy.js:65:9)
    at async C:\Users\DEVESH TRIPATHI\AppData\Roaming\npm\node_modules\firebase-tools\lib\command.js:169:17
[error] 
[error] Error: Failed to get Firebase project linkdin-clone-4a338. Please make sure the project exists and your account has permission to access it.
